2017-08-14 21:55:00,401 - root - DEBUG - [launch_gui.py:236 - main()] - Starting Program...
2017-08-14 21:55:00,549 - root - DEBUG - [launch_gui.py:244 - main()] - Starting GUI Application
2017-08-14 21:55:00,549 - root - DEBUG - [launch_gui.py:246 - main()] - Going in Event Loop
2017-08-14 21:55:30,057 - root - INFO - [launch_gui.py:207 - generate_output()] - Generating output for Stock: DLF.BO with 100 days
2017-08-14 21:55:30,074 - requests.packages.urllib3.connectionpool - DEBUG - [connectionpool.py:809 - _new_conn()] - Starting new HTTPS connection (1): www.google.com
2017-08-14 21:55:30,533 - requests.packages.urllib3.connectionpool - DEBUG - [connectionpool.py:400 - _make_request()] - https://www.google.com:443 "GET /finance/historical?q=NASDAQ%3ADLF.BO&startdate=May+6+2017&enddate=Aug+14+2017&output=csv HTTP/1.1" 400 None
2017-08-14 21:55:30,542 - requests.packages.urllib3.connectionpool - DEBUG - [connectionpool.py:809 - _new_conn()] - Starting new HTTPS connection (1): www.google.com
2017-08-14 21:55:30,952 - requests.packages.urllib3.connectionpool - DEBUG - [connectionpool.py:400 - _make_request()] - https://www.google.com:443 "GET /finance/historical?q=NYSE%3ADLF.BO&startdate=May+6+2017&enddate=Aug+14+2017&output=csv HTTP/1.1" 400 None
2017-08-14 21:55:30,961 - requests.packages.urllib3.connectionpool - DEBUG - [connectionpool.py:809 - _new_conn()] - Starting new HTTPS connection (1): www.google.com
2017-08-14 21:55:31,367 - requests.packages.urllib3.connectionpool - DEBUG - [connectionpool.py:400 - _make_request()] - https://www.google.com:443 "GET /finance/historical?q=NSE%3ADLF.BO&startdate=May+6+2017&enddate=Aug+14+2017&output=csv HTTP/1.1" 400 None
2017-08-14 21:55:31,378 - requests.packages.urllib3.connectionpool - DEBUG - [connectionpool.py:809 - _new_conn()] - Starting new HTTPS connection (1): www.google.com
2017-08-14 21:55:31,766 - requests.packages.urllib3.connectionpool - DEBUG - [connectionpool.py:400 - _make_request()] - https://www.google.com:443 "GET /finance/historical?q=BSE%3ADLF.BO&startdate=May+6+2017&enddate=Aug+14+2017&output=csv HTTP/1.1" 400 None
2017-08-14 21:55:31,774 - root - DEBUG - [fetch_yahoo_csv.py:15 - get_stock_yahoo()] - enddate = 2017-08-14 21:55:31.774239
2017-08-14 21:55:31,774 - root - DEBUG - [fetch_yahoo_csv.py:17 - get_stock_yahoo()] - startdate = 2017-05-06 21:55:31.774225
2017-08-14 21:55:31,787 - requests.packages.urllib3.connectionpool - DEBUG - [connectionpool.py:809 - _new_conn()] - Starting new HTTPS connection (1): finance.yahoo.com
2017-08-14 21:55:32,908 - requests.packages.urllib3.connectionpool - DEBUG - [connectionpool.py:400 - _make_request()] - https://finance.yahoo.com:443 "GET /quote/DLF.BO/history HTTP/1.1" 200 None
2017-08-14 21:55:33,092 - requests.packages.urllib3.connectionpool - DEBUG - [connectionpool.py:809 - _new_conn()] - Starting new HTTPS connection (1): query1.finance.yahoo.com
2017-08-14 21:55:33,336 - requests.packages.urllib3.connectionpool - DEBUG - [connectionpool.py:400 - _make_request()] - https://query1.finance.yahoo.com:443 "GET /v7/finance/download/DLF.BO?period1=1494087931&period2=1502735399&interval=1d&events=history&crumb=qf5LOTC6GUf HTTP/1.1" 200 1403
2017-08-14 21:55:33,360 - root - DEBUG - [fetch_yahoo_csv.py:21 - get_stock_yahoo()] - Got the data
2017-08-14 21:55:33,361 - tweepy.binder - INFO - [binder.py:107 - build_parameters()] - PARAMS: {'q': b'DLF', 'count': b'50000'}
2017-08-14 21:55:33,361 - requests_oauthlib.oauth1_auth - DEBUG - [oauth1_auth.py:63 - __call__()] - Signing request <PreparedRequest [GET]> using client <Client client_key=4Dt0kbyEIOkxtkgMTIls2BQh7, client_secret=****, resource_owner_key=889074157979185152-4oQcDMLCqxnzyEBSYJ3NjcQyUbyTryb, resource_owner_secret=****, signature_method=HMAC-SHA1, signature_type=AUTH_HEADER, callback_uri=None, rsa_key=None, verifier=None, realm=None, encoding=utf-8, decoding=None, nonce=None, timestamp=None>
2017-08-14 21:55:33,361 - requests_oauthlib.oauth1_auth - DEBUG - [oauth1_auth.py:75 - __call__()] - Including body in call to sign: False
2017-08-14 21:55:33,362 - oauthlib.oauth1.rfc5849 - DEBUG - [__init__.py:135 - get_oauth_signature()] - Collected params: [('q', 'DLF'), ('count', '50000'), ('oauth_nonce', '145256573528174831191502727933'), ('oauth_timestamp', '1502727933'), ('oauth_version', '1.0'), ('oauth_signature_method', 'HMAC-SHA1'), ('oauth_consumer_key', '4Dt0kbyEIOkxtkgMTIls2BQh7'), ('oauth_token', '889074157979185152-4oQcDMLCqxnzyEBSYJ3NjcQyUbyTryb')]
2017-08-14 21:55:33,362 - oauthlib.oauth1.rfc5849 - DEBUG - [__init__.py:140 - get_oauth_signature()] - Normalized params: count=50000&oauth_consumer_key=4Dt0kbyEIOkxtkgMTIls2BQh7&oauth_nonce=145256573528174831191502727933&oauth_signature_method=HMAC-SHA1&oauth_timestamp=1502727933&oauth_token=889074157979185152-4oQcDMLCqxnzyEBSYJ3NjcQyUbyTryb&oauth_version=1.0&q=DLF
2017-08-14 21:55:33,362 - oauthlib.oauth1.rfc5849 - DEBUG - [__init__.py:141 - get_oauth_signature()] - Normalized URI: https://api.twitter.com/1.1/search/tweets.json
2017-08-14 21:55:33,362 - oauthlib.oauth1.rfc5849 - DEBUG - [__init__.py:146 - get_oauth_signature()] - Base signing string: GET&https%3A%2F%2Fapi.twitter.com%2F1.1%2Fsearch%2Ftweets.json&count%3D50000%26oauth_consumer_key%3D4Dt0kbyEIOkxtkgMTIls2BQh7%26oauth_nonce%3D145256573528174831191502727933%26oauth_signature_method%3DHMAC-SHA1%26oauth_timestamp%3D1502727933%26oauth_token%3D889074157979185152-4oQcDMLCqxnzyEBSYJ3NjcQyUbyTryb%26oauth_version%3D1.0%26q%3DDLF
2017-08-14 21:55:33,363 - oauthlib.oauth1.rfc5849 - DEBUG - [__init__.py:153 - get_oauth_signature()] - Signature: g6N1wrc+lByWqoZsc5SHV6ON/TM=
2017-08-14 21:55:33,363 - requests_oauthlib.oauth1_auth - DEBUG - [oauth1_auth.py:92 - __call__()] - Updated url: https://api.twitter.com/1.1/search/tweets.json?q=DLF&count=50000
2017-08-14 21:55:33,363 - requests_oauthlib.oauth1_auth - DEBUG - [oauth1_auth.py:93 - __call__()] - Updated headers: {'Host': 'api.twitter.com', 'Authorization': 'OAuth oauth_nonce="145256573528174831191502727933", oauth_timestamp="1502727933", oauth_version="1.0", oauth_signature_method="HMAC-SHA1", oauth_consumer_key="4Dt0kbyEIOkxtkgMTIls2BQh7", oauth_token="889074157979185152-4oQcDMLCqxnzyEBSYJ3NjcQyUbyTryb", oauth_signature="g6N1wrc%2BlByWqoZsc5SHV6ON%2FTM%3D"'}
2017-08-14 21:55:33,363 - requests_oauthlib.oauth1_auth - DEBUG - [oauth1_auth.py:94 - __call__()] - Updated body: None
2017-08-14 21:55:33,375 - requests.packages.urllib3.connectionpool - DEBUG - [connectionpool.py:809 - _new_conn()] - Starting new HTTPS connection (1): api.twitter.com
2017-08-14 21:55:34,341 - requests.packages.urllib3.connectionpool - DEBUG - [connectionpool.py:400 - _make_request()] - https://api.twitter.com:443 "GET /1.1/search/tweets.json?q=DLF&count=50000 HTTP/1.1" 200 None
2017-08-14 21:55:35,037 - root - INFO - [launch_gui.py:29 - predict_price()] - Length of price list is 70
2017-08-14 21:55:46,556 - PIL.PngImagePlugin - DEBUG - [PngImagePlugin.py:131 - call()] - STREAM b'IHDR' 16 13
2017-08-14 21:55:46,557 - PIL.PngImagePlugin - DEBUG - [PngImagePlugin.py:131 - call()] - STREAM b'sBIT' 41 4
2017-08-14 21:55:46,558 - PIL.PngImagePlugin - DEBUG - [PngImagePlugin.py:538 - _open()] - b'sBIT' 41 4 (unknown)
2017-08-14 21:55:46,558 - PIL.PngImagePlugin - DEBUG - [PngImagePlugin.py:131 - call()] - STREAM b'pHYs' 57 9
2017-08-14 21:55:46,558 - PIL.PngImagePlugin - DEBUG - [PngImagePlugin.py:131 - call()] - STREAM b'IDAT' 78 8192
2017-08-14 21:57:12,511 - root - DEBUG - [launch_gui.py:253 - main()] - Exting from main loop
2017-08-14 21:57:12,511 - root - DEBUG - [launch_gui.py:257 - main()] - Cleanup started
2017-08-14 21:57:12,512 - root - DEBUG - [utils.py:156 - cleanup()] - Cleanup: Deleting all files in ../csv_data with extension .csv
2017-08-14 21:57:12,512 - root - INFO - [utils.py:158 - cleanup()] - Number of items in ../csv_data: 2
2017-08-14 21:57:12,513 - root - DEBUG - [utils.py:156 - cleanup()] - Cleanup: Deleting all files in ../output_graphs with extension .png
2017-08-14 21:57:12,513 - root - INFO - [utils.py:158 - cleanup()] - Number of items in ../output_graphs: 15
